<?xml version="1.0" encoding="UTF-8"?>
<testsuite xmlns:xsi="http://www.w3.org/2001/XMLSchema-instance" xsi:schemaLocation="https://maven.apache.org/surefire/maven-surefire-plugin/xsd/surefire-test-report.xsd" name="intTests.IntegrationTest" time="47.345" tests="1" errors="0" skipped="0" failures="1">
  <properties>
[...]
</properties>
  <testcase name="TestTitle1 on TestTitle1(intTests.IntegrationTest)" classname="intTests.IntegrationTest" time="46.876">
    <failure message="expected [true] but found [false]" type="java.lang.AssertionError">java.lang.AssertionError: expected [true] but found [false]
	at intTests.IntegrationTest.TestTitle1(IntegrationTest.java:22)
</failure>
    <system-err><![CDATA[Nov 16, 2018 3:26:23 PM org.openqa.selenium.phantomjs.PhantomJSDriverService <init>
INFO: executable: C:\Users\dneacsu\Desktop\phantomjs-2.1.1-windows\bin\phantomjs.exe
Nov 16, 2018 3:26:23 PM org.openqa.selenium.phantomjs.PhantomJSDriverService <init>
INFO: port: 55179
Nov 16, 2018 3:26:23 PM org.openqa.selenium.phantomjs.PhantomJSDriverService <init>
INFO: arguments: [--webdriver=55179, --webdriver-logfile=C:\Users\dneacsu\Desktop\vagrant VM\Proiect\DaniApp\phantomjsdriver.log]
Nov 16, 2018 3:26:23 PM org.openqa.selenium.phantomjs.PhantomJSDriverService <init>
INFO: environment: {}
[INFO  - 2018-11-16T13:26:27.127Z] GhostDriver - Main - running on port 55179
log4j:WARN No appenders could be found for logger (org.apache.http.impl.conn.tsccm.ThreadSafeClientConnManager).
log4j:WARN Please initialize the log4j system properly.
[INFO  - 2018-11-16T13:26:27.689Z] Session [38cefb30-e9a3-11e8-bd0e-d3e9d32476a3] - page.settings - {"XSSAuditingEnabled":false,"javascriptCanCloseWindows":true,"javascriptCanOpenWindows":true,"javascriptEnabled":true,"loadImages":true,"localToRemoteUrlAccessEnabled":false,"userAgent":"Mozilla/5.0 (Windows NT 6.2; WOW64) AppleWebKit/538.1 (KHTML, like Gecko) PhantomJS/2.1.1 Safari/538.1","webSecurityEnabled":true}
[INFO  - 2018-11-16T13:26:27.689Z] Session [38cefb30-e9a3-11e8-bd0e-d3e9d32476a3] - page.customHeaders:  - {}
[INFO  - 2018-11-16T13:26:27.689Z] Session [38cefb30-e9a3-11e8-bd0e-d3e9d32476a3] - Session.negotiatedCapabilities - {"browserName":"phantomjs","version":"2.1.1","driverName":"ghostdriver","driverVersion":"1.2.0","platform":"windows-10-32bit","javascriptEnabled":true,"takesScreenshot":true,"handlesAlerts":false,"databaseEnabled":false,"locationContextEnabled":false,"applicationCacheEnabled":false,"browserConnectionEnabled":false,"cssSelectorsEnabled":true,"webStorageEnabled":false,"rotatable":false,"acceptSslCerts":false,"nativeEvents":true,"proxy":{"proxyType":"direct"}}
[INFO  - 2018-11-16T13:26:27.689Z] SessionManagerReqHand - _postNewSessionCommand - New Session Created: 38cefb30-e9a3-11e8-bd0e-d3e9d32476a3
]]></system-err>
  </testcase>
</testsuite>